<?xml version="1.0" encoding="UTF-8"?>
<robot generator="Robot 3.2.1 (Python 3.8.5 on win32)" generated="20200804 19:03:19.099" rpa="false">
<suite id="s1" name="Login Form" source="c:\qaninja\robot\web\tests\login_form.robot">
<test id="s1-t1" name="Login com sucesso">
<kw name="Nova sessão" library="base" type="setup">
<kw name="Open Browser" library="SeleniumLibrary">
<doc>Opens a new browser instance to the optional ``url``.</doc>
<arguments>
<arg>${url}</arg>
<arg>chrome</arg>
</arguments>
<msg timestamp="20200804 19:03:19.443" level="INFO">Opening browser 'chrome' to base url 'https://training-wheels-protocol.herokuapp.com'.</msg>
<status status="PASS" starttime="20200804 19:03:19.443" endtime="20200804 19:03:36.962"></status>
</kw>
<status status="PASS" starttime="20200804 19:03:19.443" endtime="20200804 19:03:36.963"></status>
</kw>
<kw name="Go To" library="SeleniumLibrary">
<doc>Navigates the current browser window to the provided ``url``.</doc>
<arguments>
<arg>${url}/login</arg>
</arguments>
<msg timestamp="20200804 19:03:36.964" level="INFO">Opening url 'https://training-wheels-protocol.herokuapp.com/login'</msg>
<status status="PASS" starttime="20200804 19:03:36.964" endtime="20200804 19:03:37.622"></status>
</kw>
<kw name="login with">
<arguments>
<arg>stark</arg>
<arg>jarvis!</arg>
</arguments>
<kw name="Input Text" library="SeleniumLibrary">
<doc>Types the given ``text`` into the text field identified by ``locator``.</doc>
<arguments>
<arg>css:input[name=username]</arg>
<arg>${uname}</arg>
</arguments>
<msg timestamp="20200804 19:03:37.625" level="INFO">Typing text 'stark' into text field 'css:input[name=username]'.</msg>
<status status="PASS" starttime="20200804 19:03:37.624" endtime="20200804 19:03:37.760"></status>
</kw>
<kw name="Input Text" library="SeleniumLibrary">
<doc>Types the given ``text`` into the text field identified by ``locator``.</doc>
<arguments>
<arg>css:input[name=password]</arg>
<arg>${pass}</arg>
</arguments>
<msg timestamp="20200804 19:03:37.761" level="INFO">Typing text 'jarvis!' into text field 'css:input[name=password]'.</msg>
<status status="PASS" starttime="20200804 19:03:37.761" endtime="20200804 19:03:37.896"></status>
</kw>
<kw name="Click Element" library="SeleniumLibrary">
<doc>Click the element identified by ``locator``.</doc>
<arguments>
<arg>Class:btn-login</arg>
</arguments>
<msg timestamp="20200804 19:03:37.897" level="INFO">Clicking element 'Class:btn-login'.</msg>
<status status="PASS" starttime="20200804 19:03:37.896" endtime="20200804 19:03:38.532"></status>
</kw>
<status status="PASS" starttime="20200804 19:03:37.623" endtime="20200804 19:03:38.533"></status>
</kw>
<kw name="should see Logged user">
<arguments>
<arg>Tony Stark</arg>
</arguments>
<kw name="Page Should Contain" library="SeleniumLibrary">
<doc>Verifies that current page contains ``text``.</doc>
<arguments>
<arg>Olá, ${fullname}. Você acessou a área logada!</arg>
</arguments>
<msg timestamp="20200804 19:03:38.562" level="INFO">Current page contains text 'Olá, Tony Stark. Você acessou a área logada!'.</msg>
<status status="PASS" starttime="20200804 19:03:38.535" endtime="20200804 19:03:38.562"></status>
</kw>
<status status="PASS" starttime="20200804 19:03:38.534" endtime="20200804 19:03:38.563"></status>
</kw>
<kw name="Encerra sessão" library="base" type="teardown">
<kw name="Capture Page Screenshot" library="SeleniumLibrary">
<doc>Takes a screenshot of the current page and embeds it into a log file.</doc>
<msg timestamp="20200804 19:03:38.989" level="INFO" html="yes">&lt;/td&gt;&lt;/tr&gt;&lt;tr&gt;&lt;td colspan="3"&gt;&lt;a href="selenium-screenshot-35.png"&gt;&lt;img src="selenium-screenshot-35.png" width="800px"&gt;&lt;/a&gt;</msg>
<status status="PASS" starttime="20200804 19:03:38.564" endtime="20200804 19:03:38.990"></status>
</kw>
<kw name="Close Browser" library="SeleniumLibrary">
<doc>Closes the current browser.</doc>
<status status="PASS" starttime="20200804 19:03:38.990" endtime="20200804 19:03:41.174"></status>
</kw>
<status status="PASS" starttime="20200804 19:03:38.564" endtime="20200804 19:03:41.174"></status>
</kw>
<status status="PASS" starttime="20200804 19:03:19.443" endtime="20200804 19:03:41.174" critical="yes"></status>
</test>
<test id="s1-t2" name="Senha Invalida">
<kw name="Nova sessão" library="base" type="setup">
<kw name="Open Browser" library="SeleniumLibrary">
<doc>Opens a new browser instance to the optional ``url``.</doc>
<arguments>
<arg>${url}</arg>
<arg>chrome</arg>
</arguments>
<msg timestamp="20200804 19:03:41.190" level="INFO">Opening browser 'chrome' to base url 'https://training-wheels-protocol.herokuapp.com'.</msg>
<status status="PASS" starttime="20200804 19:03:41.190" endtime="20200804 19:03:48.966"></status>
</kw>
<status status="PASS" starttime="20200804 19:03:41.174" endtime="20200804 19:03:48.966"></status>
</kw>
<kw name="Go To" library="SeleniumLibrary">
<doc>Navigates the current browser window to the provided ``url``.</doc>
<arguments>
<arg>${url}/login</arg>
</arguments>
<msg timestamp="20200804 19:03:48.968" level="INFO">Opening url 'https://training-wheels-protocol.herokuapp.com/login'</msg>
<status status="PASS" starttime="20200804 19:03:48.967" endtime="20200804 19:03:49.624"></status>
</kw>
<kw name="login with">
<arguments>
<arg>stark</arg>
<arg>123</arg>
</arguments>
<kw name="Input Text" library="SeleniumLibrary">
<doc>Types the given ``text`` into the text field identified by ``locator``.</doc>
<arguments>
<arg>css:input[name=username]</arg>
<arg>${uname}</arg>
</arguments>
<msg timestamp="20200804 19:03:49.626" level="INFO">Typing text 'stark' into text field 'css:input[name=username]'.</msg>
<status status="PASS" starttime="20200804 19:03:49.625" endtime="20200804 19:03:49.780"></status>
</kw>
<kw name="Input Text" library="SeleniumLibrary">
<doc>Types the given ``text`` into the text field identified by ``locator``.</doc>
<arguments>
<arg>css:input[name=password]</arg>
<arg>${pass}</arg>
</arguments>
<msg timestamp="20200804 19:03:49.781" level="INFO">Typing text '123' into text field 'css:input[name=password]'.</msg>
<status status="PASS" starttime="20200804 19:03:49.781" endtime="20200804 19:03:49.923"></status>
</kw>
<kw name="Click Element" library="SeleniumLibrary">
<doc>Click the element identified by ``locator``.</doc>
<arguments>
<arg>Class:btn-login</arg>
</arguments>
<msg timestamp="20200804 19:03:49.923" level="INFO">Clicking element 'Class:btn-login'.</msg>
<status status="PASS" starttime="20200804 19:03:49.923" endtime="20200804 19:03:50.597"></status>
</kw>
<status status="PASS" starttime="20200804 19:03:49.624" endtime="20200804 19:03:50.598"></status>
</kw>
<kw name="should contain login alert">
<arguments>
<arg>Senha é invalida!</arg>
</arguments>
<kw name="Get WebElement" library="SeleniumLibrary">
<doc>Returns the first WebElement matching the given ``locator``.</doc>
<arguments>
<arg>id:flash</arg>
</arguments>
<assign>
<var>${message}</var>
</assign>
<msg timestamp="20200804 19:03:50.616" level="INFO">${message} = &lt;selenium.webdriver.remote.webelement.WebElement (session="90c5b929818d8a842c6b84919a038611", element="ccd7cf1b-c970-414c-bc26-7096fd80baec")&gt;</msg>
<status status="PASS" starttime="20200804 19:03:50.600" endtime="20200804 19:03:50.616"></status>
</kw>
<kw name="Should Contain" library="BuiltIn">
<doc>Fails if ``container`` does not contain ``item`` one or more times.</doc>
<arguments>
<arg>${message.text}</arg>
<arg>${ExpectMessage}</arg>
</arguments>
<status status="PASS" starttime="20200804 19:03:50.616" endtime="20200804 19:03:50.647"></status>
</kw>
<status status="PASS" starttime="20200804 19:03:50.598" endtime="20200804 19:03:50.647"></status>
</kw>
<kw name="Encerra sessão" library="base" type="teardown">
<kw name="Capture Page Screenshot" library="SeleniumLibrary">
<doc>Takes a screenshot of the current page and embeds it into a log file.</doc>
<msg timestamp="20200804 19:03:51.013" level="INFO" html="yes">&lt;/td&gt;&lt;/tr&gt;&lt;tr&gt;&lt;td colspan="3"&gt;&lt;a href="selenium-screenshot-36.png"&gt;&lt;img src="selenium-screenshot-36.png" width="800px"&gt;&lt;/a&gt;</msg>
<status status="PASS" starttime="20200804 19:03:50.647" endtime="20200804 19:03:51.014"></status>
</kw>
<kw name="Close Browser" library="SeleniumLibrary">
<doc>Closes the current browser.</doc>
<status status="PASS" starttime="20200804 19:03:51.014" endtime="20200804 19:03:53.415"></status>
</kw>
<status status="PASS" starttime="20200804 19:03:50.647" endtime="20200804 19:03:53.415"></status>
</kw>
<tags>
<tag>loginerror</tag>
</tags>
<status status="PASS" starttime="20200804 19:03:41.174" endtime="20200804 19:03:53.415" critical="yes"></status>
</test>
<test id="s1-t3" name="Usuário não existe">
<kw name="Nova sessão" library="base" type="setup">
<kw name="Open Browser" library="SeleniumLibrary">
<doc>Opens a new browser instance to the optional ``url``.</doc>
<arguments>
<arg>${url}</arg>
<arg>chrome</arg>
</arguments>
<msg timestamp="20200804 19:03:53.415" level="INFO">Opening browser 'chrome' to base url 'https://training-wheels-protocol.herokuapp.com'.</msg>
<status status="PASS" starttime="20200804 19:03:53.415" endtime="20200804 19:04:02.654"></status>
</kw>
<status status="PASS" starttime="20200804 19:03:53.415" endtime="20200804 19:04:02.654"></status>
</kw>
<kw name="Go To" library="SeleniumLibrary">
<doc>Navigates the current browser window to the provided ``url``.</doc>
<arguments>
<arg>${url}/login</arg>
</arguments>
<msg timestamp="20200804 19:04:02.656" level="INFO">Opening url 'https://training-wheels-protocol.herokuapp.com/login'</msg>
<status status="PASS" starttime="20200804 19:04:02.655" endtime="20200804 19:04:03.322"></status>
</kw>
<kw name="login with">
<arguments>
<arg>abc</arg>
<arg>123</arg>
</arguments>
<kw name="Input Text" library="SeleniumLibrary">
<doc>Types the given ``text`` into the text field identified by ``locator``.</doc>
<arguments>
<arg>css:input[name=username]</arg>
<arg>${uname}</arg>
</arguments>
<msg timestamp="20200804 19:04:03.324" level="INFO">Typing text 'abc' into text field 'css:input[name=username]'.</msg>
<status status="PASS" starttime="20200804 19:04:03.323" endtime="20200804 19:04:03.459"></status>
</kw>
<kw name="Input Text" library="SeleniumLibrary">
<doc>Types the given ``text`` into the text field identified by ``locator``.</doc>
<arguments>
<arg>css:input[name=password]</arg>
<arg>${pass}</arg>
</arguments>
<msg timestamp="20200804 19:04:03.460" level="INFO">Typing text '123' into text field 'css:input[name=password]'.</msg>
<status status="PASS" starttime="20200804 19:04:03.459" endtime="20200804 19:04:03.610"></status>
</kw>
<kw name="Click Element" library="SeleniumLibrary">
<doc>Click the element identified by ``locator``.</doc>
<arguments>
<arg>Class:btn-login</arg>
</arguments>
<msg timestamp="20200804 19:04:03.610" level="INFO">Clicking element 'Class:btn-login'.</msg>
<status status="PASS" starttime="20200804 19:04:03.610" endtime="20200804 19:04:04.233"></status>
</kw>
<status status="PASS" starttime="20200804 19:04:03.323" endtime="20200804 19:04:04.234"></status>
</kw>
<kw name="should contain login alert">
<arguments>
<arg>O usuário informado não está cadastrado!</arg>
</arguments>
<kw name="Get WebElement" library="SeleniumLibrary">
<doc>Returns the first WebElement matching the given ``locator``.</doc>
<arguments>
<arg>id:flash</arg>
</arguments>
<assign>
<var>${message}</var>
</assign>
<msg timestamp="20200804 19:04:04.261" level="INFO">${message} = &lt;selenium.webdriver.remote.webelement.WebElement (session="c6debb396bad15a22fe3bb5b49716e01", element="c4ea3d84-c11c-4f39-b3ab-b09e5fb4be34")&gt;</msg>
<status status="PASS" starttime="20200804 19:04:04.236" endtime="20200804 19:04:04.261"></status>
</kw>
<kw name="Should Contain" library="BuiltIn">
<doc>Fails if ``container`` does not contain ``item`` one or more times.</doc>
<arguments>
<arg>${message.text}</arg>
<arg>${ExpectMessage}</arg>
</arguments>
<status status="PASS" starttime="20200804 19:04:04.261" endtime="20200804 19:04:04.289"></status>
</kw>
<status status="PASS" starttime="20200804 19:04:04.235" endtime="20200804 19:04:04.289"></status>
</kw>
<kw name="Encerra sessão" library="base" type="teardown">
<kw name="Capture Page Screenshot" library="SeleniumLibrary">
<doc>Takes a screenshot of the current page and embeds it into a log file.</doc>
<msg timestamp="20200804 19:04:04.712" level="INFO" html="yes">&lt;/td&gt;&lt;/tr&gt;&lt;tr&gt;&lt;td colspan="3"&gt;&lt;a href="selenium-screenshot-37.png"&gt;&lt;img src="selenium-screenshot-37.png" width="800px"&gt;&lt;/a&gt;</msg>
<status status="PASS" starttime="20200804 19:04:04.291" endtime="20200804 19:04:04.713"></status>
</kw>
<kw name="Close Browser" library="SeleniumLibrary">
<doc>Closes the current browser.</doc>
<status status="PASS" starttime="20200804 19:04:04.713" endtime="20200804 19:04:08.450"></status>
</kw>
<status status="PASS" starttime="20200804 19:04:04.290" endtime="20200804 19:04:08.450"></status>
</kw>
<tags>
<tag>loginerrorUsuario</tag>
</tags>
<status status="PASS" starttime="20200804 19:03:53.415" endtime="20200804 19:04:08.450" critical="yes"></status>
</test>
<status status="PASS" starttime="20200804 19:03:19.099" endtime="20200804 19:04:08.450"></status>
</suite>
<statistics>
<total>
<stat pass="3" fail="0">Critical Tests</stat>
<stat pass="3" fail="0">All Tests</stat>
</total>
<tag>
<stat pass="1" fail="0">loginerror</stat>
<stat pass="1" fail="0">loginerrorUsuario</stat>
</tag>
<suite>
<stat pass="3" fail="0" id="s1" name="Login Form">Login Form</stat>
</suite>
</statistics>
<errors>
</errors>
</robot>
